<?xml version="1.0" encoding="UTF-8" ?>
<testsuite tests="36" failures="0" name="com.uranus.service.IndexServiceTest" time="26.834" errors="0" skipped="35">
  <properties>
[...]
</properties>
  <testcase classname="com.uranus.service.IndexServiceTest" name="assembleElementDtoTest" time="0.731"/>
  <testcase classname="com.uranus.service.IndexServiceTest" name="getListTest" time="0.731">
    <skipped/>
  </testcase>
  <testcase classname="com.uranus.service.IndexServiceTest" name="createElementTest" time="0.732">
    <skipped/>
  </testcase>
  <testcase classname="com.uranus.service.IndexServiceTest" name="addElementTest" time="0.733">
    <skipped/>
  </testcase>
  <testcase classname="com.uranus.service.IndexServiceTest" name="updateElementTextTest" time="0.734">
    <skipped/>
  </testcase>
  <testcase classname="com.uranus.service.IndexServiceTest" name="removeElementTest" time="0.735">
    <skipped/>
  </testcase>
  <testcase classname="com.uranus.service.IndexServiceTest" name="toggleElementCheckTest" time="0.736">
    <skipped/>
  </testcase>
  <testcase classname="com.uranus.service.IndexServiceTest" name="exchangeElementsTest" time="0.736">
    <skipped/>
  </testcase>
  <testcase classname="com.uranus.service.IndexServiceTest" name="clearTest" time="0.737">
    <skipped/>
  </testcase>
  <testcase classname="com.uranus.service.IndexServiceTest" name="getAncestorIdTest" time="0.738">
    <skipped/>
  </testcase>
  <testcase classname="com.uranus.service.IndexServiceTest" name="rearrangeAncestorRelationTest" time="0.739">
    <skipped/>
  </testcase>
  <testcase classname="com.uranus.service.IndexServiceTest" name="rearrangeParentRelationTest" time="0.739">
    <skipped/>
  </testcase>
  <testcase classname="com.uranus.service.IndexServiceTest" name="rearrangeChildRelationTest" time="0.74">
    <skipped/>
  </testcase>
  <testcase classname="com.uranus.service.IndexServiceTest" name="getRelationByParentIdTest" time="0.741">
    <skipped/>
  </testcase>
  <testcase classname="com.uranus.service.IndexServiceTest" name="toggleIsRootPropertyTest" time="0.742">
    <skipped/>
  </testcase>
  <testcase classname="com.uranus.service.IndexServiceTest" name="createRelationsTest" time="0.743">
    <skipped/>
  </testcase>
  <testcase classname="com.uranus.service.IndexServiceTest" name="removeRelationsTest" time="0.744">
    <skipped/>
  </testcase>
  <testcase classname="com.uranus.service.IndexServiceTest" name="createElementMapTest" time="0.745">
    <skipped/>
  </testcase>
  <testcase classname="com.uranus.service.IndexServiceTest" name="createSortedListTest" time="0.746">
    <skipped/>
  </testcase>
  <testcase classname="com.uranus.service.IndexServiceTest" name="getRootElementTest" time="0.747">
    <skipped/>
  </testcase>
  <testcase classname="com.uranus.service.IndexServiceTest" name="getRootRelationTest" time="0.747">
    <skipped/>
  </testcase>
  <testcase classname="com.uranus.service.IndexServiceTest" name="removeDownwardContentsTest" time="0.748">
    <skipped/>
  </testcase>
  <testcase classname="com.uranus.service.IndexServiceTest" name="updateElementTest" time="0.749">
    <skipped/>
  </testcase>
  <testcase classname="com.uranus.service.IndexServiceTest" name="deleteElementTest" time="0.75">
    <skipped/>
  </testcase>
  <testcase classname="com.uranus.service.IndexServiceTest" name="deleteRelationTest" time="0.751">
    <skipped/>
  </testcase>
  <testcase classname="com.uranus.service.IndexServiceTest" name="getAllRelationTest" time="0.752">
    <skipped/>
  </testcase>
  <testcase classname="com.uranus.service.IndexServiceTest" name="insertElementTest" time="0.753">
    <skipped/>
  </testcase>
  <testcase classname="com.uranus.service.IndexServiceTest" name="insertRelationTest" time="0.754">
    <skipped/>
  </testcase>
  <testcase classname="com.uranus.service.IndexServiceTest" name="getElementDtoByIdTest" time="0.755">
    <skipped/>
  </testcase>
  <testcase classname="com.uranus.service.IndexServiceTest" name="getElementEntityByIdTest" time="0.755">
    <skipped/>
  </testcase>
  <testcase classname="com.uranus.service.IndexServiceTest" name="getUpwardRelationTest" time="0.756">
    <skipped/>
  </testcase>
  <testcase classname="com.uranus.service.IndexServiceTest" name="setChildrenTest" time="0.757">
    <skipped/>
  </testcase>
  <testcase classname="com.uranus.service.IndexServiceTest" name="setChildrenRecursivelyTest" time="0.758">
    <skipped/>
  </testcase>
  <testcase classname="com.uranus.service.IndexServiceTest" name="getRootELementsIdTest" time="0.759">
    <skipped/>
  </testcase>
  <testcase classname="com.uranus.service.IndexServiceTest" name="getRootElementsTest" time="0.76">
    <skipped/>
  </testcase>
  <testcase classname="com.uranus.service.IndexServiceTest" name="getParentTest" time="0.761">
    <skipped/>
  </testcase>
</testsuite>